<?xml version="1.0" encoding="UTF-8"?>
<testng-results ignored="0" total="1" passed="1" failed="0" skipped="0">
  <reporter-output>
  </reporter-output>
  <suite started-at="2024-07-28T13:13:54 IST" name="Default suite" finished-at="2024-07-28T13:14:00 IST" duration-ms="5702">
    <groups>
    </groups>
    <test started-at="2024-07-28T13:13:54 IST" name="Default test" finished-at="2024-07-28T13:14:00 IST" duration-ms="5702">
      <class name="jenkin.App">
        <test-method signature="main()[pri:0, instance:jenkin.App@47af7f3d]" started-at="2024-07-28T13:13:54 IST" name="main" finished-at="2024-07-28T13:14:00 IST" duration-ms="5642" status="PASS">
          <reporter-output>
          </reporter-output>
        </test-method> <!-- main -->
      </class> <!-- jenkin.App -->
    </test> <!-- Default test -->
  </suite> <!-- Default suite -->
</testng-results>
